+ umask 022
+ cd /home/viktor/OpenDaVINCI/build/odtools-prefix/src/odtools-build/_CPack_Packages/Linux/RPM/BUILD
+ mv /home/viktor/OpenDaVINCI/build/odtools-prefix/src/odtools-build/_CPack_Packages/Linux/RPM/opendavinci_3.0.2_x86_64/odtools /home/viktor/OpenDaVINCI/build/odtools-prefix/src/odtools-build/_CPack_Packages/Linux/RPM/tmpBBroot
+ exit 0
+ umask 022
+ cd /home/viktor/OpenDaVINCI/build/odtools-prefix/src/odtools-build/_CPack_Packages/Linux/RPM/BUILD
+ [ -e /home/viktor/OpenDaVINCI/build/odtools-prefix/src/odtools-build/_CPack_Packages/Linux/RPM/opendavinci_3.0.2_x86_64/odtools ]
+ mv /home/viktor/OpenDaVINCI/build/odtools-prefix/src/odtools-build/_CPack_Packages/Linux/RPM/tmpBBroot /home/viktor/OpenDaVINCI/build/odtools-prefix/src/odtools-build/_CPack_Packages/Linux/RPM/opendavinci_3.0.2_x86_64/odtools
+ /usr/lib/rpm/brp-compress
+ /usr/lib/rpm/brp-strip /usr/bin/strip
+ /usr/lib/rpm/brp-strip-static-archive /usr/bin/strip
+ /usr/lib/rpm/brp-strip-comment-note /usr/bin/strip /usr/bin/objdump
warning: File listed twice: /usr/man/man1/odfilter.1.gz
warning: File listed twice: /usr/man/man1/odplayer.1.gz
warning: File listed twice: /usr/man/man1/odrecintegrity.1.gz
warning: File listed twice: /usr/man/man1/odrecorder.1.gz
warning: File listed twice: /usr/man/man1/odredirector.1.gz
warning: File listed twice: /usr/man/man1/odsplit.1.gz
warning: File listed twice: /usr/man/man1/odspy.1.gz
+ umask 022
+ cd /home/viktor/OpenDaVINCI/build/odtools-prefix/src/odtools-build/_CPack_Packages/Linux/RPM/BUILD
+ exit 0
